<?xml version="1.0" encoding="UTF-8"?>
<!-- Generated by org.testng.reporters.JUnitXMLReporter -->
<testsuite ignored="0" hostname="LAPTOP-OIQQGHKO" failures="0" tests="4" name="Default test" time="7.283" errors="0" timestamp="2023-05-08T02:55:32 IST">
  <testcase classname="api.test.Datadriventest" name="datasetup" time="0.015"/>
  <testcase classname="api.test.Datadriventest" name="datasetup" time="0.002"/>
  <testcase classname="api.test.Datadriventest" name="datasetup" time="0.003"/>
  <testcase classname="api.test.Datadriventest" name="test_postuser" time="5.18"/>
</testsuite> <!-- Default test -->
