<?xml version="1.0" encoding="UTF-8"?>
<!-- Generated by org.testng.reporters.JUnitXMLReporter -->
<testsuite ignored="0" hostname="LAPTOP-OIQQGHKO" failures="0" tests="4" name="PetTest" time="8.907" errors="0" timestamp="2023-05-08T23:02:48 IST">
  <testcase classname="api.test.usertest" name="testpostuser" time="2.997"/>
  <testcase classname="api.test.usertest" name="testgetuserbyname" time="1.297"/>
  <testcase classname="api.test.usertest" name="updateuserbyname" time="2.52"/>
  <testcase classname="api.test.usertest" name="deleteuserbyname" time="1.216"/>
</testsuite> <!-- PetTest -->
